SEVERE	?	main	2016-12-21T19:31:07.333Z	org.javacs.Main$4#onError	Can't find configuration file for /home/marek/Projects/ocp8/chapter_1/many_classes_one_file/MultiClass.java
org.javacs.NoJavaConfigException: Can't find configuration file for /home/marek/Projects/ocp8/chapter_1/many_classes_one_file/MultiClass.java
	at org.javacs.JavaLanguageServer.lambda$findCompiler$21(JavaLanguageServer.java:479)
	at java.util.Optional.orElseThrow(Optional.java:290)
	at org.javacs.JavaLanguageServer.findCompiler(JavaLanguageServer.java:479)
	at org.javacs.JavaLanguageServer.autocomplete(JavaLanguageServer.java:1057)
	at org.javacs.JavaLanguageServer$1.completion(JavaLanguageServer.java:108)
	at io.typefox.lsapi.services.transport.server.LanguageServerEndpoint._doAccept(LanguageServerEndpoint.xtend:126)
	at io.typefox.lsapi.services.transport.server.LanguageServerEndpoint.doAccept(LanguageServerEndpoint.xtend:117)
	at io.typefox.lsapi.services.transport.server.LanguageServerEndpoint.accept(LanguageServerEndpoint.xtend:114)
	at io.typefox.lsapi.services.transport.server.LanguageServerEndpoint.accept(LanguageServerEndpoint.xtend)
	at io.typefox.lsapi.services.transport.AbstractLanguageEndpoint.handleMessage(LanguageEndpoint.xtend:67)
	at io.typefox.lsapi.services.transport.AbstractLanguageEndpoint.lambda$connect$4(LanguageEndpoint.xtend:61)
	at io.typefox.lsapi.services.json.StreamMessageReader$1.apply(StreamMessageReader.java:46)
	at io.typefox.lsapi.services.json.StreamMessageReader$1.apply(StreamMessageReader.java:44)
	at io.typefox.lsapi.services.json.StreamMessageReader.handleMessage(StreamMessageReader.xtend:128)
	at io.typefox.lsapi.services.json.StreamMessageReader.listen(StreamMessageReader.xtend:61)
	at io.typefox.lsapi.services.transport.AbstractLanguageEndpoint.connect(LanguageEndpoint.xtend:60)
	at org.javacs.Main.run(Main.java:150)
	at org.javacs.Main.main(Main.java:69)

SEVERE	?	main	2016-12-21T19:31:10.047Z	org.javacs.Main$4#onError	Can't find configuration file for /home/marek/Projects/ocp8/chapter_1/many_classes_one_file/MultiClass.java
org.javacs.NoJavaConfigException: Can't find configuration file for /home/marek/Projects/ocp8/chapter_1/many_classes_one_file/MultiClass.java
	at org.javacs.JavaLanguageServer.lambda$findCompiler$21(JavaLanguageServer.java:479)
	at java.util.Optional.orElseThrow(Optional.java:290)
	at org.javacs.JavaLanguageServer.findCompiler(JavaLanguageServer.java:479)
	at org.javacs.JavaLanguageServer.autocomplete(JavaLanguageServer.java:1057)
	at org.javacs.JavaLanguageServer$1.completion(JavaLanguageServer.java:108)
	at io.typefox.lsapi.services.transport.server.LanguageServerEndpoint._doAccept(LanguageServerEndpoint.xtend:126)
	at io.typefox.lsapi.services.transport.server.LanguageServerEndpoint.doAccept(LanguageServerEndpoint.xtend:117)
	at io.typefox.lsapi.services.transport.server.LanguageServerEndpoint.accept(LanguageServerEndpoint.xtend:114)
	at io.typefox.lsapi.services.transport.server.LanguageServerEndpoint.accept(LanguageServerEndpoint.xtend)
	at io.typefox.lsapi.services.transport.AbstractLanguageEndpoint.handleMessage(LanguageEndpoint.xtend:67)
	at io.typefox.lsapi.services.transport.AbstractLanguageEndpoint.lambda$connect$4(LanguageEndpoint.xtend:61)
	at io.typefox.lsapi.services.json.StreamMessageReader$1.apply(StreamMessageReader.java:46)
	at io.typefox.lsapi.services.json.StreamMessageReader$1.apply(StreamMessageReader.java:44)
	at io.typefox.lsapi.services.json.StreamMessageReader.handleMessage(StreamMessageReader.xtend:128)
	at io.typefox.lsapi.services.json.StreamMessageReader.listen(StreamMessageReader.xtend:61)
	at io.typefox.lsapi.services.transport.AbstractLanguageEndpoint.connect(LanguageEndpoint.xtend:60)
	at org.javacs.Main.run(Main.java:150)
	at org.javacs.Main.main(Main.java:69)

INFO	?	main	2016-12-21T19:31:11.143Z	org.javacs.JavaLanguageServer#doLint	Lint [/home/marek/Projects/ocp8/chapter_1/many_classes_one_file/MultiClass.java, /home/marek/Projects/ocp8/chapter_1/methods_overriding/Test.java]
SEVERE	?	main	2016-12-21T19:31:15.115Z	org.javacs.Main$4#onError	Can't find configuration file for /home/marek/Projects/ocp8/chapter_1/many_classes_one_file/MultiClass.java
org.javacs.NoJavaConfigException: Can't find configuration file for /home/marek/Projects/ocp8/chapter_1/many_classes_one_file/MultiClass.java
	at org.javacs.JavaLanguageServer.lambda$findCompiler$21(JavaLanguageServer.java:479)
	at java.util.Optional.orElseThrow(Optional.java:290)
	at org.javacs.JavaLanguageServer.findCompiler(JavaLanguageServer.java:479)
	at org.javacs.JavaLanguageServer.autocomplete(JavaLanguageServer.java:1057)
	at org.javacs.JavaLanguageServer$1.completion(JavaLanguageServer.java:108)
	at io.typefox.lsapi.services.transport.server.LanguageServerEndpoint._doAccept(LanguageServerEndpoint.xtend:126)
	at io.typefox.lsapi.services.transport.server.LanguageServerEndpoint.doAccept(LanguageServerEndpoint.xtend:117)
	at io.typefox.lsapi.services.transport.server.LanguageServerEndpoint.accept(LanguageServerEndpoint.xtend:114)
	at io.typefox.lsapi.services.transport.server.LanguageServerEndpoint.accept(LanguageServerEndpoint.xtend)
	at io.typefox.lsapi.services.transport.AbstractLanguageEndpoint.handleMessage(LanguageEndpoint.xtend:67)
	at io.typefox.lsapi.services.transport.AbstractLanguageEndpoint.lambda$connect$4(LanguageEndpoint.xtend:61)
	at io.typefox.lsapi.services.json.StreamMessageReader$1.apply(StreamMessageReader.java:46)
	at io.typefox.lsapi.services.json.StreamMessageReader$1.apply(StreamMessageReader.java:44)
	at io.typefox.lsapi.services.json.StreamMessageReader.handleMessage(StreamMessageReader.xtend:128)
	at io.typefox.lsapi.services.json.StreamMessageReader.listen(StreamMessageReader.xtend:61)
	at io.typefox.lsapi.services.transport.AbstractLanguageEndpoint.connect(LanguageEndpoint.xtend:60)
	at org.javacs.Main.run(Main.java:150)
	at org.javacs.Main.main(Main.java:69)

SEVERE	?	main	2016-12-21T19:31:15.807Z	org.javacs.Main$4#onError	Can't find configuration file for /home/marek/Projects/ocp8/chapter_1/many_classes_one_file/MultiClass.java
org.javacs.NoJavaConfigException: Can't find configuration file for /home/marek/Projects/ocp8/chapter_1/many_classes_one_file/MultiClass.java
	at org.javacs.JavaLanguageServer.lambda$findCompiler$21(JavaLanguageServer.java:479)
	at java.util.Optional.orElseThrow(Optional.java:290)
	at org.javacs.JavaLanguageServer.findCompiler(JavaLanguageServer.java:479)
	at org.javacs.JavaLanguageServer.autocomplete(JavaLanguageServer.java:1057)
	at org.javacs.JavaLanguageServer$1.completion(JavaLanguageServer.java:108)
	at io.typefox.lsapi.services.transport.server.LanguageServerEndpoint._doAccept(LanguageServerEndpoint.xtend:126)
	at io.typefox.lsapi.services.transport.server.LanguageServerEndpoint.doAccept(LanguageServerEndpoint.xtend:117)
	at io.typefox.lsapi.services.transport.server.LanguageServerEndpoint.accept(LanguageServerEndpoint.xtend:114)
	at io.typefox.lsapi.services.transport.server.LanguageServerEndpoint.accept(LanguageServerEndpoint.xtend)
	at io.typefox.lsapi.services.transport.AbstractLanguageEndpoint.handleMessage(LanguageEndpoint.xtend:67)
	at io.typefox.lsapi.services.transport.AbstractLanguageEndpoint.lambda$connect$4(LanguageEndpoint.xtend:61)
	at io.typefox.lsapi.services.json.StreamMessageReader$1.apply(StreamMessageReader.java:46)
	at io.typefox.lsapi.services.json.StreamMessageReader$1.apply(StreamMessageReader.java:44)
	at io.typefox.lsapi.services.json.StreamMessageReader.handleMessage(StreamMessageReader.xtend:128)
	at io.typefox.lsapi.services.json.StreamMessageReader.listen(StreamMessageReader.xtend:61)
	at io.typefox.lsapi.services.transport.AbstractLanguageEndpoint.connect(LanguageEndpoint.xtend:60)
	at org.javacs.Main.run(Main.java:150)
	at org.javacs.Main.main(Main.java:69)

SEVERE	?	main	2016-12-21T19:31:17.257Z	org.javacs.Main$4#onError	Can't find configuration file for /home/marek/Projects/ocp8/chapter_1/many_classes_one_file/MultiClass.java
org.javacs.NoJavaConfigException: Can't find configuration file for /home/marek/Projects/ocp8/chapter_1/many_classes_one_file/MultiClass.java
	at org.javacs.JavaLanguageServer.lambda$findCompiler$21(JavaLanguageServer.java:479)
	at java.util.Optional.orElseThrow(Optional.java:290)
	at org.javacs.JavaLanguageServer.findCompiler(JavaLanguageServer.java:479)
	at org.javacs.JavaLanguageServer.autocomplete(JavaLanguageServer.java:1057)
	at org.javacs.JavaLanguageServer$1.completion(JavaLanguageServer.java:108)
	at io.typefox.lsapi.services.transport.server.LanguageServerEndpoint._doAccept(LanguageServerEndpoint.xtend:126)
	at io.typefox.lsapi.services.transport.server.LanguageServerEndpoint.doAccept(LanguageServerEndpoint.xtend:117)
	at io.typefox.lsapi.services.transport.server.LanguageServerEndpoint.accept(LanguageServerEndpoint.xtend:114)
	at io.typefox.lsapi.services.transport.server.LanguageServerEndpoint.accept(LanguageServerEndpoint.xtend)
	at io.typefox.lsapi.services.transport.AbstractLanguageEndpoint.handleMessage(LanguageEndpoint.xtend:67)
	at io.typefox.lsapi.services.transport.AbstractLanguageEndpoint.lambda$connect$4(LanguageEndpoint.xtend:61)
	at io.typefox.lsapi.services.json.StreamMessageReader$1.apply(StreamMessageReader.java:46)
	at io.typefox.lsapi.services.json.StreamMessageReader$1.apply(StreamMessageReader.java:44)
	at io.typefox.lsapi.services.json.StreamMessageReader.handleMessage(StreamMessageReader.xtend:128)
	at io.typefox.lsapi.services.json.StreamMessageReader.listen(StreamMessageReader.xtend:61)
	at io.typefox.lsapi.services.transport.AbstractLanguageEndpoint.connect(LanguageEndpoint.xtend:60)
	at org.javacs.Main.run(Main.java:150)
	at org.javacs.Main.main(Main.java:69)

SEVERE	?	main	2016-12-21T19:31:18.380Z	org.javacs.Main$4#onError	Can't find configuration file for /home/marek/Projects/ocp8/chapter_1/many_classes_one_file/MultiClass.java
org.javacs.NoJavaConfigException: Can't find configuration file for /home/marek/Projects/ocp8/chapter_1/many_classes_one_file/MultiClass.java
	at org.javacs.JavaLanguageServer.lambda$findCompiler$21(JavaLanguageServer.java:479)
	at java.util.Optional.orElseThrow(Optional.java:290)
	at org.javacs.JavaLanguageServer.findCompiler(JavaLanguageServer.java:479)
	at org.javacs.JavaLanguageServer.autocomplete(JavaLanguageServer.java:1057)
	at org.javacs.JavaLanguageServer$1.completion(JavaLanguageServer.java:108)
	at io.typefox.lsapi.services.transport.server.LanguageServerEndpoint._doAccept(LanguageServerEndpoint.xtend:126)
	at io.typefox.lsapi.services.transport.server.LanguageServerEndpoint.doAccept(LanguageServerEndpoint.xtend:117)
	at io.typefox.lsapi.services.transport.server.LanguageServerEndpoint.accept(LanguageServerEndpoint.xtend:114)
	at io.typefox.lsapi.services.transport.server.LanguageServerEndpoint.accept(LanguageServerEndpoint.xtend)
	at io.typefox.lsapi.services.transport.AbstractLanguageEndpoint.handleMessage(LanguageEndpoint.xtend:67)
	at io.typefox.lsapi.services.transport.AbstractLanguageEndpoint.lambda$connect$4(LanguageEndpoint.xtend:61)
	at io.typefox.lsapi.services.json.StreamMessageReader$1.apply(StreamMessageReader.java:46)
	at io.typefox.lsapi.services.json.StreamMessageReader$1.apply(StreamMessageReader.java:44)
	at io.typefox.lsapi.services.json.StreamMessageReader.handleMessage(StreamMessageReader.xtend:128)
	at io.typefox.lsapi.services.json.StreamMessageReader.listen(StreamMessageReader.xtend:61)
	at io.typefox.lsapi.services.transport.AbstractLanguageEndpoint.connect(LanguageEndpoint.xtend:60)
	at org.javacs.Main.run(Main.java:150)
	at org.javacs.Main.main(Main.java:69)

INFO	?	main	2016-12-21T19:31:20.749Z	org.javacs.JavaLanguageServer#doLint	Lint [/home/marek/Projects/ocp8/chapter_1/many_classes_one_file/MultiClass.java, /home/marek/Projects/ocp8/chapter_1/methods_overriding/Test.java]
INFO	?	main	2016-12-21T19:31:35.802Z	org.javacs.JavaLanguageServer#doLint	Lint [/home/marek/Projects/ocp8/chapter_1/many_classes_one_file/MultiClass.java, /home/marek/Projects/ocp8/chapter_1/methods_overriding/Test.java]
INFO	?	main	2016-12-21T19:31:49.166Z	org.javacs.JavaLanguageServer#doLint	Lint [/home/marek/Projects/ocp8/chapter_1/many_classes_one_file/MultiClass.java, /home/marek/Projects/ocp8/chapter_1/methods_overriding/Test.java]
INFO	?	main	2016-12-21T19:32:01.204Z	org.javacs.JavaLanguageServer#doLint	Lint [/home/marek/Projects/ocp8/chapter_1/many_classes_one_file/MultiClass.java, /home/marek/Projects/ocp8/chapter_1/methods_overriding/Test.java]
INFO	?	main	2016-12-21T19:32:07.825Z	org.javacs.JavaLanguageServer#doLint	Lint [/home/marek/Projects/ocp8/chapter_1/many_classes_one_file/MultiClass.java, /home/marek/Projects/ocp8/chapter_1/methods_overriding/Test.java]
INFO	?	main	2016-12-21T19:32:16.928Z	org.javacs.JavaLanguageServer#doLint	Lint [/home/marek/Projects/ocp8/chapter_1/many_classes_one_file/MultiClass.java, /home/marek/Projects/ocp8/chapter_1/methods_overriding/Test.java]
SEVERE	?	main	2016-12-21T19:32:33.513Z	org.javacs.Main$4#onError	Can't find configuration file for /home/marek/Projects/ocp8/chapter_1/many_classes_one_file/MultiClass.java
org.javacs.NoJavaConfigException: Can't find configuration file for /home/marek/Projects/ocp8/chapter_1/many_classes_one_file/MultiClass.java
	at org.javacs.JavaLanguageServer.lambda$findCompiler$21(JavaLanguageServer.java:479)
	at java.util.Optional.orElseThrow(Optional.java:290)
	at org.javacs.JavaLanguageServer.findCompiler(JavaLanguageServer.java:479)
	at org.javacs.JavaLanguageServer.autocomplete(JavaLanguageServer.java:1057)
	at org.javacs.JavaLanguageServer$1.completion(JavaLanguageServer.java:108)
	at io.typefox.lsapi.services.transport.server.LanguageServerEndpoint._doAccept(LanguageServerEndpoint.xtend:126)
	at io.typefox.lsapi.services.transport.server.LanguageServerEndpoint.doAccept(LanguageServerEndpoint.xtend:117)
	at io.typefox.lsapi.services.transport.server.LanguageServerEndpoint.accept(LanguageServerEndpoint.xtend:114)
	at io.typefox.lsapi.services.transport.server.LanguageServerEndpoint.accept(LanguageServerEndpoint.xtend)
	at io.typefox.lsapi.services.transport.AbstractLanguageEndpoint.handleMessage(LanguageEndpoint.xtend:67)
	at io.typefox.lsapi.services.transport.AbstractLanguageEndpoint.lambda$connect$4(LanguageEndpoint.xtend:61)
	at io.typefox.lsapi.services.json.StreamMessageReader$1.apply(StreamMessageReader.java:46)
	at io.typefox.lsapi.services.json.StreamMessageReader$1.apply(StreamMessageReader.java:44)
	at io.typefox.lsapi.services.json.StreamMessageReader.handleMessage(StreamMessageReader.xtend:128)
	at io.typefox.lsapi.services.json.StreamMessageReader.listen(StreamMessageReader.xtend:61)
	at io.typefox.lsapi.services.transport.AbstractLanguageEndpoint.connect(LanguageEndpoint.xtend:60)
	at org.javacs.Main.run(Main.java:150)
	at org.javacs.Main.main(Main.java:69)

SEVERE	?	main	2016-12-21T19:32:35.061Z	org.javacs.Main$4#onError	Can't find configuration file for /home/marek/Projects/ocp8/chapter_1/many_classes_one_file/MultiClass.java
org.javacs.NoJavaConfigException: Can't find configuration file for /home/marek/Projects/ocp8/chapter_1/many_classes_one_file/MultiClass.java
	at org.javacs.JavaLanguageServer.lambda$findCompiler$21(JavaLanguageServer.java:479)
	at java.util.Optional.orElseThrow(Optional.java:290)
	at org.javacs.JavaLanguageServer.findCompiler(JavaLanguageServer.java:479)
	at org.javacs.JavaLanguageServer.autocomplete(JavaLanguageServer.java:1057)
	at org.javacs.JavaLanguageServer$1.completion(JavaLanguageServer.java:108)
	at io.typefox.lsapi.services.transport.server.LanguageServerEndpoint._doAccept(LanguageServerEndpoint.xtend:126)
	at io.typefox.lsapi.services.transport.server.LanguageServerEndpoint.doAccept(LanguageServerEndpoint.xtend:117)
	at io.typefox.lsapi.services.transport.server.LanguageServerEndpoint.accept(LanguageServerEndpoint.xtend:114)
	at io.typefox.lsapi.services.transport.server.LanguageServerEndpoint.accept(LanguageServerEndpoint.xtend)
	at io.typefox.lsapi.services.transport.AbstractLanguageEndpoint.handleMessage(LanguageEndpoint.xtend:67)
	at io.typefox.lsapi.services.transport.AbstractLanguageEndpoint.lambda$connect$4(LanguageEndpoint.xtend:61)
	at io.typefox.lsapi.services.json.StreamMessageReader$1.apply(StreamMessageReader.java:46)
	at io.typefox.lsapi.services.json.StreamMessageReader$1.apply(StreamMessageReader.java:44)
	at io.typefox.lsapi.services.json.StreamMessageReader.handleMessage(StreamMessageReader.xtend:128)
	at io.typefox.lsapi.services.json.StreamMessageReader.listen(StreamMessageReader.xtend:61)
	at io.typefox.lsapi.services.transport.AbstractLanguageEndpoint.connect(LanguageEndpoint.xtend:60)
	at org.javacs.Main.run(Main.java:150)
	at org.javacs.Main.main(Main.java:69)

SEVERE	?	main	2016-12-21T19:32:36.993Z	org.javacs.Main$4#onError	Can't find configuration file for /home/marek/Projects/ocp8/chapter_1/many_classes_one_file/MultiClass.java
org.javacs.NoJavaConfigException: Can't find configuration file for /home/marek/Projects/ocp8/chapter_1/many_classes_one_file/MultiClass.java
	at org.javacs.JavaLanguageServer.lambda$findCompiler$21(JavaLanguageServer.java:479)
	at java.util.Optional.orElseThrow(Optional.java:290)
	at org.javacs.JavaLanguageServer.findCompiler(JavaLanguageServer.java:479)
	at org.javacs.JavaLanguageServer.autocomplete(JavaLanguageServer.java:1057)
	at org.javacs.JavaLanguageServer$1.completion(JavaLanguageServer.java:108)
	at io.typefox.lsapi.services.transport.server.LanguageServerEndpoint._doAccept(LanguageServerEndpoint.xtend:126)
	at io.typefox.lsapi.services.transport.server.LanguageServerEndpoint.doAccept(LanguageServerEndpoint.xtend:117)
	at io.typefox.lsapi.services.transport.server.LanguageServerEndpoint.accept(LanguageServerEndpoint.xtend:114)
	at io.typefox.lsapi.services.transport.server.LanguageServerEndpoint.accept(LanguageServerEndpoint.xtend)
	at io.typefox.lsapi.services.transport.AbstractLanguageEndpoint.handleMessage(LanguageEndpoint.xtend:67)
	at io.typefox.lsapi.services.transport.AbstractLanguageEndpoint.lambda$connect$4(LanguageEndpoint.xtend:61)
	at io.typefox.lsapi.services.json.StreamMessageReader$1.apply(StreamMessageReader.java:46)
	at io.typefox.lsapi.services.json.StreamMessageReader$1.apply(StreamMessageReader.java:44)
	at io.typefox.lsapi.services.json.StreamMessageReader.handleMessage(StreamMessageReader.xtend:128)
	at io.typefox.lsapi.services.json.StreamMessageReader.listen(StreamMessageReader.xtend:61)
	at io.typefox.lsapi.services.transport.AbstractLanguageEndpoint.connect(LanguageEndpoint.xtend:60)
	at org.javacs.Main.run(Main.java:150)
	at org.javacs.Main.main(Main.java:69)

SEVERE	?	main	2016-12-21T19:32:37.278Z	org.javacs.Main$4#onError	Can't find configuration file for /home/marek/Projects/ocp8/chapter_1/many_classes_one_file/MultiClass.java
org.javacs.NoJavaConfigException: Can't find configuration file for /home/marek/Projects/ocp8/chapter_1/many_classes_one_file/MultiClass.java
	at org.javacs.JavaLanguageServer.lambda$findCompiler$21(JavaLanguageServer.java:479)
	at java.util.Optional.orElseThrow(Optional.java:290)
	at org.javacs.JavaLanguageServer.findCompiler(JavaLanguageServer.java:479)
	at org.javacs.JavaLanguageServer.autocomplete(JavaLanguageServer.java:1057)
	at org.javacs.JavaLanguageServer$1.completion(JavaLanguageServer.java:108)
	at io.typefox.lsapi.services.transport.server.LanguageServerEndpoint._doAccept(LanguageServerEndpoint.xtend:126)
	at io.typefox.lsapi.services.transport.server.LanguageServerEndpoint.doAccept(LanguageServerEndpoint.xtend:117)
	at io.typefox.lsapi.services.transport.server.LanguageServerEndpoint.accept(LanguageServerEndpoint.xtend:114)
	at io.typefox.lsapi.services.transport.server.LanguageServerEndpoint.accept(LanguageServerEndpoint.xtend)
	at io.typefox.lsapi.services.transport.AbstractLanguageEndpoint.handleMessage(LanguageEndpoint.xtend:67)
	at io.typefox.lsapi.services.transport.AbstractLanguageEndpoint.lambda$connect$4(LanguageEndpoint.xtend:61)
	at io.typefox.lsapi.services.json.StreamMessageReader$1.apply(StreamMessageReader.java:46)
	at io.typefox.lsapi.services.json.StreamMessageReader$1.apply(StreamMessageReader.java:44)
	at io.typefox.lsapi.services.json.StreamMessageReader.handleMessage(StreamMessageReader.xtend:128)
	at io.typefox.lsapi.services.json.StreamMessageReader.listen(StreamMessageReader.xtend:61)
	at io.typefox.lsapi.services.transport.AbstractLanguageEndpoint.connect(LanguageEndpoint.xtend:60)
	at org.javacs.Main.run(Main.java:150)
	at org.javacs.Main.main(Main.java:69)

SEVERE	?	main	2016-12-21T19:32:37.279Z	org.javacs.Main$4#onError	Can't find configuration file for /home/marek/Projects/ocp8/chapter_1/many_classes_one_file/MultiClass.java
org.javacs.NoJavaConfigException: Can't find configuration file for /home/marek/Projects/ocp8/chapter_1/many_classes_one_file/MultiClass.java
	at org.javacs.JavaLanguageServer.lambda$findCompiler$21(JavaLanguageServer.java:479)
	at java.util.Optional.orElseThrow(Optional.java:290)
	at org.javacs.JavaLanguageServer.findCompiler(JavaLanguageServer.java:479)
	at org.javacs.JavaLanguageServer.autocomplete(JavaLanguageServer.java:1057)
	at org.javacs.JavaLanguageServer$1.completion(JavaLanguageServer.java:108)
	at io.typefox.lsapi.services.transport.server.LanguageServerEndpoint._doAccept(LanguageServerEndpoint.xtend:126)
	at io.typefox.lsapi.services.transport.server.LanguageServerEndpoint.doAccept(LanguageServerEndpoint.xtend:117)
	at io.typefox.lsapi.services.transport.server.LanguageServerEndpoint.accept(LanguageServerEndpoint.xtend:114)
	at io.typefox.lsapi.services.transport.server.LanguageServerEndpoint.accept(LanguageServerEndpoint.xtend)
	at io.typefox.lsapi.services.transport.AbstractLanguageEndpoint.handleMessage(LanguageEndpoint.xtend:67)
	at io.typefox.lsapi.services.transport.AbstractLanguageEndpoint.lambda$connect$4(LanguageEndpoint.xtend:61)
	at io.typefox.lsapi.services.json.StreamMessageReader$1.apply(StreamMessageReader.java:46)
	at io.typefox.lsapi.services.json.StreamMessageReader$1.apply(StreamMessageReader.java:44)
	at io.typefox.lsapi.services.json.StreamMessageReader.handleMessage(StreamMessageReader.xtend:128)
	at io.typefox.lsapi.services.json.StreamMessageReader.listen(StreamMessageReader.xtend:61)
	at io.typefox.lsapi.services.transport.AbstractLanguageEndpoint.connect(LanguageEndpoint.xtend:60)
	at org.javacs.Main.run(Main.java:150)
	at org.javacs.Main.main(Main.java:69)

SEVERE	?	main	2016-12-21T19:32:37.341Z	org.javacs.Main$4#onError	Can't find configuration file for /home/marek/Projects/ocp8/chapter_1/many_classes_one_file/MultiClass.java
org.javacs.NoJavaConfigException: Can't find configuration file for /home/marek/Projects/ocp8/chapter_1/many_classes_one_file/MultiClass.java
	at org.javacs.JavaLanguageServer.lambda$findCompiler$21(JavaLanguageServer.java:479)
	at java.util.Optional.orElseThrow(Optional.java:290)
	at org.javacs.JavaLanguageServer.findCompiler(JavaLanguageServer.java:479)
	at org.javacs.JavaLanguageServer.autocomplete(JavaLanguageServer.java:1057)
	at org.javacs.JavaLanguageServer$1.completion(JavaLanguageServer.java:108)
	at io.typefox.lsapi.services.transport.server.LanguageServerEndpoint._doAccept(LanguageServerEndpoint.xtend:126)
	at io.typefox.lsapi.services.transport.server.LanguageServerEndpoint.doAccept(LanguageServerEndpoint.xtend:117)
	at io.typefox.lsapi.services.transport.server.LanguageServerEndpoint.accept(LanguageServerEndpoint.xtend:114)
	at io.typefox.lsapi.services.transport.server.LanguageServerEndpoint.accept(LanguageServerEndpoint.xtend)
	at io.typefox.lsapi.services.transport.AbstractLanguageEndpoint.handleMessage(LanguageEndpoint.xtend:67)
	at io.typefox.lsapi.services.transport.AbstractLanguageEndpoint.lambda$connect$4(LanguageEndpoint.xtend:61)
	at io.typefox.lsapi.services.json.StreamMessageReader$1.apply(StreamMessageReader.java:46)
	at io.typefox.lsapi.services.json.StreamMessageReader$1.apply(StreamMessageReader.java:44)
	at io.typefox.lsapi.services.json.StreamMessageReader.handleMessage(StreamMessageReader.xtend:128)
	at io.typefox.lsapi.services.json.StreamMessageReader.listen(StreamMessageReader.xtend:61)
	at io.typefox.lsapi.services.transport.AbstractLanguageEndpoint.connect(LanguageEndpoint.xtend:60)
	at org.javacs.Main.run(Main.java:150)
	at org.javacs.Main.main(Main.java:69)

SEVERE	?	main	2016-12-21T19:32:37.342Z	org.javacs.Main$4#onError	Can't find configuration file for /home/marek/Projects/ocp8/chapter_1/many_classes_one_file/MultiClass.java
org.javacs.NoJavaConfigException: Can't find configuration file for /home/marek/Projects/ocp8/chapter_1/many_classes_one_file/MultiClass.java
	at org.javacs.JavaLanguageServer.lambda$findCompiler$21(JavaLanguageServer.java:479)
	at java.util.Optional.orElseThrow(Optional.java:290)
	at org.javacs.JavaLanguageServer.findCompiler(JavaLanguageServer.java:479)
	at org.javacs.JavaLanguageServer.autocomplete(JavaLanguageServer.java:1057)
	at org.javacs.JavaLanguageServer$1.completion(JavaLanguageServer.java:108)
	at io.typefox.lsapi.services.transport.server.LanguageServerEndpoint._doAccept(LanguageServerEndpoint.xtend:126)
	at io.typefox.lsapi.services.transport.server.LanguageServerEndpoint.doAccept(LanguageServerEndpoint.xtend:117)
	at io.typefox.lsapi.services.transport.server.LanguageServerEndpoint.accept(LanguageServerEndpoint.xtend:114)
	at io.typefox.lsapi.services.transport.server.LanguageServerEndpoint.accept(LanguageServerEndpoint.xtend)
	at io.typefox.lsapi.services.transport.AbstractLanguageEndpoint.handleMessage(LanguageEndpoint.xtend:67)
	at io.typefox.lsapi.services.transport.AbstractLanguageEndpoint.lambda$connect$4(LanguageEndpoint.xtend:61)
	at io.typefox.lsapi.services.json.StreamMessageReader$1.apply(StreamMessageReader.java:46)
	at io.typefox.lsapi.services.json.StreamMessageReader$1.apply(StreamMessageReader.java:44)
	at io.typefox.lsapi.services.json.StreamMessageReader.handleMessage(StreamMessageReader.xtend:128)
	at io.typefox.lsapi.services.json.StreamMessageReader.listen(StreamMessageReader.xtend:61)
	at io.typefox.lsapi.services.transport.AbstractLanguageEndpoint.connect(LanguageEndpoint.xtend:60)
	at org.javacs.Main.run(Main.java:150)
	at org.javacs.Main.main(Main.java:69)

SEVERE	?	main	2016-12-21T19:32:37.401Z	org.javacs.Main$4#onError	Can't find configuration file for /home/marek/Projects/ocp8/chapter_1/many_classes_one_file/MultiClass.java
org.javacs.NoJavaConfigException: Can't find configuration file for /home/marek/Projects/ocp8/chapter_1/many_classes_one_file/MultiClass.java
	at org.javacs.JavaLanguageServer.lambda$findCompiler$21(JavaLanguageServer.java:479)
	at java.util.Optional.orElseThrow(Optional.java:290)
	at org.javacs.JavaLanguageServer.findCompiler(JavaLanguageServer.java:479)
	at org.javacs.JavaLanguageServer.autocomplete(JavaLanguageServer.java:1057)
	at org.javacs.JavaLanguageServer$1.completion(JavaLanguageServer.java:108)
	at io.typefox.lsapi.services.transport.server.LanguageServerEndpoint._doAccept(LanguageServerEndpoint.xtend:126)
	at io.typefox.lsapi.services.transport.server.LanguageServerEndpoint.doAccept(LanguageServerEndpoint.xtend:117)
	at io.typefox.lsapi.services.transport.server.LanguageServerEndpoint.accept(LanguageServerEndpoint.xtend:114)
	at io.typefox.lsapi.services.transport.server.LanguageServerEndpoint.accept(LanguageServerEndpoint.xtend)
	at io.typefox.lsapi.services.transport.AbstractLanguageEndpoint.handleMessage(LanguageEndpoint.xtend:67)
	at io.typefox.lsapi.services.transport.AbstractLanguageEndpoint.lambda$connect$4(LanguageEndpoint.xtend:61)
	at io.typefox.lsapi.services.json.StreamMessageReader$1.apply(StreamMessageReader.java:46)
	at io.typefox.lsapi.services.json.StreamMessageReader$1.apply(StreamMessageReader.java:44)
	at io.typefox.lsapi.services.json.StreamMessageReader.handleMessage(StreamMessageReader.xtend:128)
	at io.typefox.lsapi.services.json.StreamMessageReader.listen(StreamMessageReader.xtend:61)
	at io.typefox.lsapi.services.transport.AbstractLanguageEndpoint.connect(LanguageEndpoint.xtend:60)
	at org.javacs.Main.run(Main.java:150)
	at org.javacs.Main.main(Main.java:69)

SEVERE	?	main	2016-12-21T19:32:37.402Z	org.javacs.Main$4#onError	Can't find configuration file for /home/marek/Projects/ocp8/chapter_1/many_classes_one_file/MultiClass.java
org.javacs.NoJavaConfigException: Can't find configuration file for /home/marek/Projects/ocp8/chapter_1/many_classes_one_file/MultiClass.java
	at org.javacs.JavaLanguageServer.lambda$findCompiler$21(JavaLanguageServer.java:479)
	at java.util.Optional.orElseThrow(Optional.java:290)
	at org.javacs.JavaLanguageServer.findCompiler(JavaLanguageServer.java:479)
	at org.javacs.JavaLanguageServer.autocomplete(JavaLanguageServer.java:1057)
	at org.javacs.JavaLanguageServer$1.completion(JavaLanguageServer.java:108)
	at io.typefox.lsapi.services.transport.server.LanguageServerEndpoint._doAccept(LanguageServerEndpoint.xtend:126)
	at io.typefox.lsapi.services.transport.server.LanguageServerEndpoint.doAccept(LanguageServerEndpoint.xtend:117)
	at io.typefox.lsapi.services.transport.server.LanguageServerEndpoint.accept(LanguageServerEndpoint.xtend:114)
	at io.typefox.lsapi.services.transport.server.LanguageServerEndpoint.accept(LanguageServerEndpoint.xtend)
	at io.typefox.lsapi.services.transport.AbstractLanguageEndpoint.handleMessage(LanguageEndpoint.xtend:67)
	at io.typefox.lsapi.services.transport.AbstractLanguageEndpoint.lambda$connect$4(LanguageEndpoint.xtend:61)
	at io.typefox.lsapi.services.json.StreamMessageReader$1.apply(StreamMessageReader.java:46)
	at io.typefox.lsapi.services.json.StreamMessageReader$1.apply(StreamMessageReader.java:44)
	at io.typefox.lsapi.services.json.StreamMessageReader.handleMessage(StreamMessageReader.xtend:128)
	at io.typefox.lsapi.services.json.StreamMessageReader.listen(StreamMessageReader.xtend:61)
	at io.typefox.lsapi.services.transport.AbstractLanguageEndpoint.connect(LanguageEndpoint.xtend:60)
	at org.javacs.Main.run(Main.java:150)
	at org.javacs.Main.main(Main.java:69)

SEVERE	?	main	2016-12-21T19:32:37.651Z	org.javacs.Main$4#onError	Can't find configuration file for /home/marek/Projects/ocp8/chapter_1/many_classes_one_file/MultiClass.java
org.javacs.NoJavaConfigException: Can't find configuration file for /home/marek/Projects/ocp8/chapter_1/many_classes_one_file/MultiClass.java
	at org.javacs.JavaLanguageServer.lambda$findCompiler$21(JavaLanguageServer.java:479)
	at java.util.Optional.orElseThrow(Optional.java:290)
	at org.javacs.JavaLanguageServer.findCompiler(JavaLanguageServer.java:479)
	at org.javacs.JavaLanguageServer.autocomplete(JavaLanguageServer.java:1057)
	at org.javacs.JavaLanguageServer$1.completion(JavaLanguageServer.java:108)
	at io.typefox.lsapi.services.transport.server.LanguageServerEndpoint._doAccept(LanguageServerEndpoint.xtend:126)
	at io.typefox.lsapi.services.transport.server.LanguageServerEndpoint.doAccept(LanguageServerEndpoint.xtend:117)
	at io.typefox.lsapi.services.transport.server.LanguageServerEndpoint.accept(LanguageServerEndpoint.xtend:114)
	at io.typefox.lsapi.services.transport.server.LanguageServerEndpoint.accept(LanguageServerEndpoint.xtend)
	at io.typefox.lsapi.services.transport.AbstractLanguageEndpoint.handleMessage(LanguageEndpoint.xtend:67)
	at io.typefox.lsapi.services.transport.AbstractLanguageEndpoint.lambda$connect$4(LanguageEndpoint.xtend:61)
	at io.typefox.lsapi.services.json.StreamMessageReader$1.apply(StreamMessageReader.java:46)
	at io.typefox.lsapi.services.json.StreamMessageReader$1.apply(StreamMessageReader.java:44)
	at io.typefox.lsapi.services.json.StreamMessageReader.handleMessage(StreamMessageReader.xtend:128)
	at io.typefox.lsapi.services.json.StreamMessageReader.listen(StreamMessageReader.xtend:61)
	at io.typefox.lsapi.services.transport.AbstractLanguageEndpoint.connect(LanguageEndpoint.xtend:60)
	at org.javacs.Main.run(Main.java:150)
	at org.javacs.Main.main(Main.java:69)

SEVERE	?	main	2016-12-21T19:32:38.773Z	org.javacs.Main$4#onError	Can't find configuration file for /home/marek/Projects/ocp8/chapter_1/many_classes_one_file/MultiClass.java
org.javacs.NoJavaConfigException: Can't find configuration file for /home/marek/Projects/ocp8/chapter_1/many_classes_one_file/MultiClass.java
	at org.javacs.JavaLanguageServer.lambda$findCompiler$21(JavaLanguageServer.java:479)
	at java.util.Optional.orElseThrow(Optional.java:290)
	at org.javacs.JavaLanguageServer.findCompiler(JavaLanguageServer.java:479)
	at org.javacs.JavaLanguageServer.autocomplete(JavaLanguageServer.java:1057)
	at org.javacs.JavaLanguageServer$1.completion(JavaLanguageServer.java:108)
	at io.typefox.lsapi.services.transport.server.LanguageServerEndpoint._doAccept(LanguageServerEndpoint.xtend:126)
	at io.typefox.lsapi.services.transport.server.LanguageServerEndpoint.doAccept(LanguageServerEndpoint.xtend:117)
	at io.typefox.lsapi.services.transport.server.LanguageServerEndpoint.accept(LanguageServerEndpoint.xtend:114)
	at io.typefox.lsapi.services.transport.server.LanguageServerEndpoint.accept(LanguageServerEndpoint.xtend)
	at io.typefox.lsapi.services.transport.AbstractLanguageEndpoint.handleMessage(LanguageEndpoint.xtend:67)
	at io.typefox.lsapi.services.transport.AbstractLanguageEndpoint.lambda$connect$4(LanguageEndpoint.xtend:61)
	at io.typefox.lsapi.services.json.StreamMessageReader$1.apply(StreamMessageReader.java:46)
	at io.typefox.lsapi.services.json.StreamMessageReader$1.apply(StreamMessageReader.java:44)
	at io.typefox.lsapi.services.json.StreamMessageReader.handleMessage(StreamMessageReader.xtend:128)
	at io.typefox.lsapi.services.json.StreamMessageReader.listen(StreamMessageReader.xtend:61)
	at io.typefox.lsapi.services.transport.AbstractLanguageEndpoint.connect(LanguageEndpoint.xtend:60)
	at org.javacs.Main.run(Main.java:150)
	at org.javacs.Main.main(Main.java:69)

SEVERE	?	main	2016-12-21T19:32:39.975Z	org.javacs.Main$4#onError	Can't find configuration file for /home/marek/Projects/ocp8/chapter_1/many_classes_one_file/MultiClass.java
org.javacs.NoJavaConfigException: Can't find configuration file for /home/marek/Projects/ocp8/chapter_1/many_classes_one_file/MultiClass.java
	at org.javacs.JavaLanguageServer.lambda$findCompiler$21(JavaLanguageServer.java:479)
	at java.util.Optional.orElseThrow(Optional.java:290)
	at org.javacs.JavaLanguageServer.findCompiler(JavaLanguageServer.java:479)
	at org.javacs.JavaLanguageServer.autocomplete(JavaLanguageServer.java:1057)
	at org.javacs.JavaLanguageServer$1.completion(JavaLanguageServer.java:108)
	at io.typefox.lsapi.services.transport.server.LanguageServerEndpoint._doAccept(LanguageServerEndpoint.xtend:126)
	at io.typefox.lsapi.services.transport.server.LanguageServerEndpoint.doAccept(LanguageServerEndpoint.xtend:117)
	at io.typefox.lsapi.services.transport.server.LanguageServerEndpoint.accept(LanguageServerEndpoint.xtend:114)
	at io.typefox.lsapi.services.transport.server.LanguageServerEndpoint.accept(LanguageServerEndpoint.xtend)
	at io.typefox.lsapi.services.transport.AbstractLanguageEndpoint.handleMessage(LanguageEndpoint.xtend:67)
	at io.typefox.lsapi.services.transport.AbstractLanguageEndpoint.lambda$connect$4(LanguageEndpoint.xtend:61)
	at io.typefox.lsapi.services.json.StreamMessageReader$1.apply(StreamMessageReader.java:46)
	at io.typefox.lsapi.services.json.StreamMessageReader$1.apply(StreamMessageReader.java:44)
	at io.typefox.lsapi.services.json.StreamMessageReader.handleMessage(StreamMessageReader.xtend:128)
	at io.typefox.lsapi.services.json.StreamMessageReader.listen(StreamMessageReader.xtend:61)
	at io.typefox.lsapi.services.transport.AbstractLanguageEndpoint.connect(LanguageEndpoint.xtend:60)
	at org.javacs.Main.run(Main.java:150)
	at org.javacs.Main.main(Main.java:69)

SEVERE	?	main	2016-12-21T19:32:42.440Z	org.javacs.Main$4#onError	Can't find configuration file for /home/marek/Projects/ocp8/chapter_1/many_classes_one_file/MultiClass.java
org.javacs.NoJavaConfigException: Can't find configuration file for /home/marek/Projects/ocp8/chapter_1/many_classes_one_file/MultiClass.java
	at org.javacs.JavaLanguageServer.lambda$findCompiler$21(JavaLanguageServer.java:479)
	at java.util.Optional.orElseThrow(Optional.java:290)
	at org.javacs.JavaLanguageServer.findCompiler(JavaLanguageServer.java:479)
	at org.javacs.JavaLanguageServer.autocomplete(JavaLanguageServer.java:1057)
	at org.javacs.JavaLanguageServer$1.completion(JavaLanguageServer.java:108)
	at io.typefox.lsapi.services.transport.server.LanguageServerEndpoint._doAccept(LanguageServerEndpoint.xtend:126)
	at io.typefox.lsapi.services.transport.server.LanguageServerEndpoint.doAccept(LanguageServerEndpoint.xtend:117)
	at io.typefox.lsapi.services.transport.server.LanguageServerEndpoint.accept(LanguageServerEndpoint.xtend:114)
	at io.typefox.lsapi.services.transport.server.LanguageServerEndpoint.accept(LanguageServerEndpoint.xtend)
	at io.typefox.lsapi.services.transport.AbstractLanguageEndpoint.handleMessage(LanguageEndpoint.xtend:67)
	at io.typefox.lsapi.services.transport.AbstractLanguageEndpoint.lambda$connect$4(LanguageEndpoint.xtend:61)
	at io.typefox.lsapi.services.json.StreamMessageReader$1.apply(StreamMessageReader.java:46)
	at io.typefox.lsapi.services.json.StreamMessageReader$1.apply(StreamMessageReader.java:44)
	at io.typefox.lsapi.services.json.StreamMessageReader.handleMessage(StreamMessageReader.xtend:128)
	at io.typefox.lsapi.services.json.StreamMessageReader.listen(StreamMessageReader.xtend:61)
	at io.typefox.lsapi.services.transport.AbstractLanguageEndpoint.connect(LanguageEndpoint.xtend:60)
	at org.javacs.Main.run(Main.java:150)
	at org.javacs.Main.main(Main.java:69)

SEVERE	?	main	2016-12-21T19:32:44.740Z	org.javacs.Main$4#onError	Can't find configuration file for /home/marek/Projects/ocp8/chapter_1/many_classes_one_file/MultiClass.java
org.javacs.NoJavaConfigException: Can't find configuration file for /home/marek/Projects/ocp8/chapter_1/many_classes_one_file/MultiClass.java
	at org.javacs.JavaLanguageServer.lambda$findCompiler$21(JavaLanguageServer.java:479)
	at java.util.Optional.orElseThrow(Optional.java:290)
	at org.javacs.JavaLanguageServer.findCompiler(JavaLanguageServer.java:479)
	at org.javacs.JavaLanguageServer.autocomplete(JavaLanguageServer.java:1057)
	at org.javacs.JavaLanguageServer$1.completion(JavaLanguageServer.java:108)
	at io.typefox.lsapi.services.transport.server.LanguageServerEndpoint._doAccept(LanguageServerEndpoint.xtend:126)
	at io.typefox.lsapi.services.transport.server.LanguageServerEndpoint.doAccept(LanguageServerEndpoint.xtend:117)
	at io.typefox.lsapi.services.transport.server.LanguageServerEndpoint.accept(LanguageServerEndpoint.xtend:114)
	at io.typefox.lsapi.services.transport.server.LanguageServerEndpoint.accept(LanguageServerEndpoint.xtend)
	at io.typefox.lsapi.services.transport.AbstractLanguageEndpoint.handleMessage(LanguageEndpoint.xtend:67)
	at io.typefox.lsapi.services.transport.AbstractLanguageEndpoint.lambda$connect$4(LanguageEndpoint.xtend:61)
	at io.typefox.lsapi.services.json.StreamMessageReader$1.apply(StreamMessageReader.java:46)
	at io.typefox.lsapi.services.json.StreamMessageReader$1.apply(StreamMessageReader.java:44)
	at io.typefox.lsapi.services.json.StreamMessageReader.handleMessage(StreamMessageReader.xtend:128)
	at io.typefox.lsapi.services.json.StreamMessageReader.listen(StreamMessageReader.xtend:61)
	at io.typefox.lsapi.services.transport.AbstractLanguageEndpoint.connect(LanguageEndpoint.xtend:60)
	at org.javacs.Main.run(Main.java:150)
	at org.javacs.Main.main(Main.java:69)

INFO	?	main	2016-12-21T19:32:47.990Z	org.javacs.JavaLanguageServer#doLint	Lint [/home/marek/Projects/ocp8/chapter_1/many_classes_one_file/MultiClass.java, /home/marek/Projects/ocp8/chapter_1/methods_overriding/Test.java]
